<?xml version="1.0" encoding="UTF-8"?>
<!-- Generated by org.testng.reporters.JUnitXMLReporter -->
<testsuite ignored="3" hostname="ojas-dd564" failures="0" tests="1" name="Test2" time="0.046" errors="0" timestamp="2022-07-28T11:43:59 IST">
  <testcase classname="programs.GroupsTest" name="testthree" time="0.007"/>
  <testcase classname="programs.GroupsTest" name="testone" time="0.0">
    <ignored/>
  </testcase> <!-- testone -->
  <testcase classname="programs.GroupsTest" name="testfour" time="0.0">
    <ignored/>
  </testcase> <!-- testfour -->
  <testcase classname="programs.GroupsTest" name="testtwo" time="0.0">
    <ignored/>
  </testcase> <!-- testtwo -->
</testsuite> <!-- Test2 -->
